[debug] [2024-08-12T15:29:53.537Z] ----------------------------------------------------------------------
[debug] [2024-08-12T15:29:53.538Z] Command:       C:\Program Files\nodejs\node.exe C:\Users\tilio\AppData\Roaming\npm\node_modules\firebase-tools\lib\bin\firebase.js deploy
[debug] [2024-08-12T15:29:53.538Z] CLI Version:   13.15.1
[debug] [2024-08-12T15:29:53.539Z] Platform:      win32
[debug] [2024-08-12T15:29:53.539Z] Node Version:  v18.19.0
[debug] [2024-08-12T15:29:53.540Z] Time:          Mon Aug 12 2024 17:29:53 GMT+0200 (heure d’été d’Europe centrale)
[debug] [2024-08-12T15:29:53.540Z] ----------------------------------------------------------------------
[debug] 
[debug] [2024-08-12T15:29:53.599Z] > command requires scopes: ["email","openid","https://www.googleapis.com/auth/cloudplatformprojects.readonly","https://www.googleapis.com/auth/firebase","https://www.googleapis.com/auth/cloud-platform"]
[debug] [2024-08-12T15:29:53.599Z] > authorizing via signed-in user (tilio.charrier2@gmail.com)
[debug] [2024-08-12T15:29:53.600Z] [iam] checking project portfolio-a1b57 for permissions ["firebase.projects.get","firebasehosting.sites.update"]
[debug] [2024-08-12T15:29:53.601Z] > refreshing access token with scopes: []
[debug] [2024-08-12T15:29:53.602Z] >>> [apiv2][query] POST https://www.googleapis.com/oauth2/v3/token [none]
[debug] [2024-08-12T15:29:53.602Z] >>> [apiv2][body] POST https://www.googleapis.com/oauth2/v3/token [omitted]
[debug] [2024-08-12T15:29:53.736Z] <<< [apiv2][status] POST https://www.googleapis.com/oauth2/v3/token 400
[debug] [2024-08-12T15:29:53.736Z] <<< [apiv2][body] POST https://www.googleapis.com/oauth2/v3/token [omitted]
[debug] [2024-08-12T15:29:53.736Z] >>> [apiv2][query] POST https://cloudresourcemanager.googleapis.com/v1/projects/portfolio-a1b57:testIamPermissions [none]
[debug] [2024-08-12T15:29:53.736Z] >>> [apiv2][(partial)header] POST https://cloudresourcemanager.googleapis.com/v1/projects/portfolio-a1b57:testIamPermissions x-goog-quota-user=projects/portfolio-a1b57
[debug] [2024-08-12T15:29:53.736Z] >>> [apiv2][body] POST https://cloudresourcemanager.googleapis.com/v1/projects/portfolio-a1b57:testIamPermissions {"permissions":["firebase.projects.get","firebasehosting.sites.update"]}
[debug] [2024-08-12T15:29:54.424Z] <<< [apiv2][status] POST https://cloudresourcemanager.googleapis.com/v1/projects/portfolio-a1b57:testIamPermissions 401
[debug] [2024-08-12T15:29:54.424Z] <<< [apiv2][body] POST https://cloudresourcemanager.googleapis.com/v1/projects/portfolio-a1b57:testIamPermissions {"error":{"code":401,"message":"Request had invalid authentication credentials. Expected OAuth 2 access token, login cookie or other valid authentication credential. See https://developers.google.com/identity/sign-in/web/devconsole-project.","status":"UNAUTHENTICATED","details":[{"@type":"type.googleapis.com/google.rpc.ErrorInfo","reason":"ACCESS_TOKEN_TYPE_UNSUPPORTED","metadata":{"method":"google.cloudresourcemanager.v1.Projects.TestIamPermissions","service":"cloudresourcemanager.googleapis.com"}}]}}
[debug] [2024-08-12T15:29:54.425Z] [iam] error while checking permissions, command may fail: FirebaseError: HTTP Error: 401, Request had invalid authentication credentials. Expected OAuth 2 access token, login cookie or other valid authentication credential. See https://developers.google.com/identity/sign-in/web/devconsole-project.
[debug] [2024-08-12T15:29:54.425Z] > refreshing access token with scopes: []
[debug] [2024-08-12T15:29:54.425Z] >>> [apiv2][query] POST https://www.googleapis.com/oauth2/v3/token [none]
[debug] [2024-08-12T15:29:54.425Z] >>> [apiv2][body] POST https://www.googleapis.com/oauth2/v3/token [omitted]
[debug] [2024-08-12T15:29:54.518Z] <<< [apiv2][status] POST https://www.googleapis.com/oauth2/v3/token 400
[debug] [2024-08-12T15:29:54.518Z] <<< [apiv2][body] POST https://www.googleapis.com/oauth2/v3/token [omitted]
[debug] [2024-08-12T15:29:54.519Z] >>> [apiv2][query] GET https://firebase.googleapis.com/v1beta1/projects/portfolio-a1b57 [none]
[debug] [2024-08-12T15:29:54.599Z] <<< [apiv2][status] GET https://firebase.googleapis.com/v1beta1/projects/portfolio-a1b57 401
[debug] [2024-08-12T15:29:54.600Z] <<< [apiv2][body] GET https://firebase.googleapis.com/v1beta1/projects/portfolio-a1b57 {"error":{"code":401,"message":"Request had invalid authentication credentials. Expected OAuth 2 access token, login cookie or other valid authentication credential. See https://developers.google.com/identity/sign-in/web/devconsole-project.","status":"UNAUTHENTICATED"}}
[debug] [2024-08-12T15:29:54.600Z] HTTP Error: 401, Request had invalid authentication credentials. Expected OAuth 2 access token, login cookie or other valid authentication credential. See https://developers.google.com/identity/sign-in/web/devconsole-project.
[error] 
[error] Error: Assertion failed: resolving hosting target of a site with no site name or target name. This should have caused an error earlier
